2024-01-18 19:03:42.955 [info] Extension host with pid 10154 started
2024-01-18 19:03:42.965 [info] ExtensionService#_doActivateExtension vscode.git-base, startup: true, activationEvent: '*', root cause: vscode.git
2024-01-18 19:03:42.968 [info] ExtensionService#_doActivateExtension oderwat.indent-rainbow, startup: true, activationEvent: '*'
2024-01-18 19:03:43.030 [info] ExtensionService#_doActivateExtension vscode.git, startup: true, activationEvent: '*'
2024-01-18 19:03:43.092 [info] ExtensionService#_doActivateExtension vscode.github, startup: true, activationEvent: '*'
2024-01-18 19:03:43.134 [info] Eager extensions activated
2024-01-18 19:03:43.141 [info] ExtensionService#_doActivateExtension vscode.debug-auto-launch, startup: false, activationEvent: 'onStartupFinished'
2024-01-18 19:03:43.152 [info] ExtensionService#_doActivateExtension vscode.merge-conflict, startup: false, activationEvent: 'onStartupFinished'
2024-01-18 19:03:52.044 [info] Extension host terminating: renderer closed the MessagePort
2024-01-18 19:03:52.046 [info] Extension host with pid 10154 exiting with code 0
2024-01-18 19:03:52.673 [info] Extension host with pid 10222 started
2024-01-18 19:03:52.673 [info] Skipping acquiring lock for /home/tiagomneves/.config/VSCodium/User/workspaceStorage/3c9d853de3872bb381b5aa79ee7bbf0b.
2024-01-18 19:03:52.686 [info] ExtensionService#_doActivateExtension vscode.git-base, startup: true, activationEvent: '*'
2024-01-18 19:03:52.689 [info] ExtensionService#_doActivateExtension vscode.github, startup: true, activationEvent: '*'
2024-01-18 19:03:52.694 [info] Eager extensions activated
2024-01-18 19:03:52.706 [info] ExtensionService#_doActivateExtension vscode.debug-auto-launch, startup: false, activationEvent: 'onStartupFinished'
2024-01-18 19:03:52.707 [info] ExtensionService#_doActivateExtension vscode.merge-conflict, startup: false, activationEvent: 'onStartupFinished'
2024-01-18 19:03:56.132 [info] ExtensionService#_doActivateExtension vscode.git, startup: false, activationEvent: 'api', root cause: vscode.github
2024-01-18 19:03:56.165 [info] ExtensionService#_doActivateExtension oderwat.indent-rainbow, startup: false, activationEvent: '*'
2024-01-18 19:03:56.304 [info] ExtensionService#_doActivateExtension vscode.github-authentication, startup: false, activationEvent: 'onAuthenticationRequest:github'
2024-01-18 19:04:01.182 [info] ExtensionService#_doActivateExtension vscode.emmet, startup: false, activationEvent: 'onLanguage'
