2024-01-18 19:03:41.845 [info] Added views:workbench.panel.markers.view in workbench.panel.markers
2024-01-18 19:03:41.845 [info] Added views:workbench.panel.output in workbench.panel.output
2024-01-18 19:03:41.845 [info] Added views:terminal in terminal
2024-01-18 19:03:41.845 [info] Added views:outline in workbench.view.explorer
2024-01-18 19:03:41.845 [info] Added views:workbench.scm in workbench.view.scm
2024-01-18 19:03:41.845 [info] Added views:workbench.view.search in workbench.view.search
2024-01-18 19:03:41.845 [info] Added views:timeline in workbench.view.explorer
2024-01-18 19:03:41.845 [info] Added views:workbench.explorer.emptyView in workbench.view.explorer
2024-01-18 19:03:41.935 [info] Added views:workbench.debug.welcome in workbench.view.debug
2024-01-18 19:03:42.374 [info] Added views:~remote.forwardedPorts in ~remote.forwardedPortsContainer
2024-01-18 19:03:42.965 [info] Added views:workbench.panel.repl.view in workbench.panel.repl
2024-01-18 19:03:52.356 [info] Added views:workbench.panel.markers.view in workbench.panel.markers
2024-01-18 19:03:52.356 [info] Added views:workbench.panel.output in workbench.panel.output
2024-01-18 19:03:52.356 [info] Added views:terminal in terminal
2024-01-18 19:03:52.356 [info] Added views:outline in workbench.view.explorer
2024-01-18 19:03:52.356 [info] Added views:workbench.scm in workbench.view.scm
2024-01-18 19:03:52.356 [info] Added views:workbench.view.search in workbench.view.search
2024-01-18 19:03:52.356 [info] Added views:timeline in workbench.view.explorer
2024-01-18 19:03:52.356 [info] Added views:workbench.explorer.fileView in workbench.view.explorer
2024-01-18 19:03:52.536 [info] Added views:workbench.debug.variablesView,workbench.debug.watchExpressionsView,workbench.debug.callStackView,workbench.debug.breakPointsView in workbench.view.debug
2024-01-18 19:03:52.556 [info] Added views:~remote.forwardedPorts in ~remote.forwardedPortsContainer
2024-01-18 19:03:52.684 [info] Added views:workbench.panel.repl.view in workbench.panel.repl
2024-01-18 19:03:52.685 [info] Removed views:workbench.debug.breakPointsView,workbench.debug.callStackView,workbench.debug.watchExpressionsView,workbench.debug.variablesView from workbench.view.debug
2024-01-18 19:03:52.686 [info] Added views:workbench.debug.welcome in workbench.view.debug
